app/build/outputs/logs/manifest-merger-debug-report.txt
-- Merging decision tree log ---
manifest
ADDED from src/main/AndroidManifest.xml:2:1-315:12
	package
		ADDED from src/main/AndroidManifest.xml:3:5-44
		INJECTED from src/main/AndroidManifest.xml
		INJECTED from src/main/AndroidManifest.xml
	android:versionName
		ADDED from src/main/AndroidManifest.xml:5:5-39
		INJECTED from src/main/AndroidManifest.xml
		INJECTED from src/main/AndroidManifest.xml
	android:versionCode
		ADDED from src/main/AndroidManifest.xml:4:5-28
		INJECTED from src/main/AndroidManifest.xml
		INJECTED from src/main/AndroidManifest.xml
	xmlns:android
		ADDED from src/main/AndroidManifest.xml:2:11-69
uses-sdk
ADDED from src/main/AndroidManifest.xml:7:5-9:41
MERGED from [com.android.support:support-v4:21.0.3] AndroidManifest.xml:15:5-42
	android:targetSdkVersion
		ADDED from src/main/AndroidManifest.xml:9:9-38
		INJECTED from src/main/AndroidManifest.xml
		INJECTED from src/main/AndroidManifest.xml
	android:minSdkVersion
		ADDED from src/main/AndroidManifest.xml:8:9-35
		INJECTED from src/main/AndroidManifest.xml
		INJECTED from src/main/AndroidManifest.xml
permission#com.gizwits.opensource.appkit.permission.JPUSH_MESSAGE
ADDED from src/main/AndroidManifest.xml:12:5-14:47
	android:protectionLevel
		ADDED from src/main/AndroidManifest.xml:14:9-44
	android:name
		ADDED from src/main/AndroidManifest.xml:13:9-78
uses-permission#com.gizwits.opensource.appkit.permission.JPUSH_MESSAGE
ADDED from src/main/AndroidManifest.xml:17:5-94
	android:name
		ADDED from src/main/AndroidManifest.xml:17:22-91
uses-permission#android.permission.RECEIVE_USER_PRESENT
ADDED from src/main/AndroidManifest.xml:18:5-79
	android:name
		ADDED from src/main/AndroidManifest.xml:18:22-76
uses-permission#android.permission.WAKE_LOCK
ADDED from src/main/AndroidManifest.xml:19:5-68
	android:name
		ADDED from src/main/AndroidManifest.xml:19:22-65
uses-permission#android.permission.READ_EXTERNAL_STORAGE
ADDED from src/main/AndroidManifest.xml:20:5-80
	android:name
		ADDED from src/main/AndroidManifest.xml:20:22-77
uses-permission#android.permission.MOUNT_UNMOUNT_FILESYSTEMS
ADDED from src/main/AndroidManifest.xml:21:5-84
	android:name
		ADDED from src/main/AndroidManifest.xml:21:22-81
uses-permission#android.permission.WRITE_SETTINGS
ADDED from src/main/AndroidManifest.xml:22:5-73
	android:name
		ADDED from src/main/AndroidManifest.xml:22:22-70
uses-permission#android.permission.ACCESS_LOCATION_EXTRA_COMMANDS
ADDED from src/main/AndroidManifest.xml:25:5-89
	android:name
		ADDED from src/main/AndroidManifest.xml:25:22-86
uses-permission#android.permission.CHANGE_NETWORK_STATE
ADDED from src/main/AndroidManifest.xml:26:5-79
	android:name
		ADDED from src/main/AndroidManifest.xml:26:22-76
uses-permission#android.permission.RECEIVE_BOOT_COMPLETED
ADDED from src/main/AndroidManifest.xml:32:5-81
	android:name
		ADDED from src/main/AndroidManifest.xml:32:22-78
uses-permission#android.permission.DISABLE_KEYGUARD
ADDED from src/main/AndroidManifest.xml:33:5-75
	android:name
		ADDED from src/main/AndroidManifest.xml:33:22-72
uses-permission#android.permission.ACCESS_DOWNLOAD_MANAGER
ADDED from src/main/AndroidManifest.xml:35:5-82
	android:name
		ADDED from src/main/AndroidManifest.xml:35:22-79
uses-permission#android.permission.DOWNLOAD_WITHOUT_NOTIFICATION
ADDED from src/main/AndroidManifest.xml:36:5-88
	android:name
		ADDED from src/main/AndroidManifest.xml:36:22-85
uses-permission#android.permission.EXPAND_STATUS_BAR
ADDED from src/main/AndroidManifest.xml:37:5-76
	android:name
		ADDED from src/main/AndroidManifest.xml:37:22-73
uses-permission#android.permission.ACCESS_NETWORK_STATE
ADDED from src/main/AndroidManifest.xml:40:5-79
	android:name
		ADDED from src/main/AndroidManifest.xml:40:22-76
uses-permission#android.permission.ACCESS_WIFI_STATE
ADDED from src/main/AndroidManifest.xml:41:5-76
	android:name
		ADDED from src/main/AndroidManifest.xml:41:22-73
uses-permission#android.permission.ACCESS_FINE_LOCATION
ADDED from src/main/AndroidManifest.xml:42:5-79
	android:name
		ADDED from src/main/AndroidManifest.xml:42:22-76
uses-permission#android.permission.READ_PHONE_STATE
ADDED from src/main/AndroidManifest.xml:43:5-75
	android:name
		ADDED from src/main/AndroidManifest.xml:43:22-72
uses-permission#android.permission.ACCESS_COARSE_LOCATION
ADDED from src/main/AndroidManifest.xml:44:5-81
	android:name
		ADDED from src/main/AndroidManifest.xml:44:22-78
uses-permission#android.permission.WRITE_EXTERNAL_STORAGE
ADDED from src/main/AndroidManifest.xml:45:5-81
	android:name
		ADDED from src/main/AndroidManifest.xml:45:22-78
uses-permission#android.permission.INTERNET
ADDED from src/main/AndroidManifest.xml:46:5-67
	android:name
		ADDED from src/main/AndroidManifest.xml:46:22-64
uses-permission#android.permission.READ_LOGS
ADDED from src/main/AndroidManifest.xml:47:5-68
	android:name
		ADDED from src/main/AndroidManifest.xml:47:22-65
uses-permission#android.permission.CALL_PHONE
ADDED from src/main/AndroidManifest.xml:48:5-69
	android:name
		ADDED from src/main/AndroidManifest.xml:48:22-66
uses-permission#android.permission.CHANGE_WIFI_STATE
ADDED from src/main/AndroidManifest.xml:49:5-76
	android:name
		ADDED from src/main/AndroidManifest.xml:49:22-73
uses-permission#android.permission.FLASHLIGHT
ADDED from src/main/AndroidManifest.xml:50:5-69
	android:name
		ADDED from src/main/AndroidManifest.xml:50:22-66
uses-permission#android.permission.CAMERA
ADDED from src/main/AndroidManifest.xml:51:5-65
	android:name
		ADDED from src/main/AndroidManifest.xml:51:22-62
uses-permission#android.permission.VIBRATE
ADDED from src/main/AndroidManifest.xml:52:5-66
	android:name
		ADDED from src/main/AndroidManifest.xml:52:22-63
uses-permission#android.permission.CHANGE_WIFI_MULTICAST_STATE
ADDED from src/main/AndroidManifest.xml:55:5-86
	android:name
		ADDED from src/main/AndroidManifest.xml:55:22-83
uses-feature#android.hardware.camera
ADDED from src/main/AndroidManifest.xml:57:5-60
	android:name
		ADDED from src/main/AndroidManifest.xml:57:19-57
uses-feature#android.hardware.camera.autofocus
ADDED from src/main/AndroidManifest.xml:58:5-70
	android:name
		ADDED from src/main/AndroidManifest.xml:58:19-67
uses-permission#android.permission.GET_TASKS
ADDED from src/main/AndroidManifest.xml:60:5-68
	android:name
		ADDED from src/main/AndroidManifest.xml:60:22-65
application
ADDED from src/main/AndroidManifest.xml:62:5-313:19
MERGED from [com.android.support:support-v4:21.0.3] AndroidManifest.xml:16:5-19
	android:label
		ADDED from src/main/AndroidManifest.xml:66:9-41
	android:allowBackup
		ADDED from src/main/AndroidManifest.xml:64:9-35
	android:icon
		ADDED from src/main/AndroidManifest.xml:65:9-45
	android:theme
		ADDED from src/main/AndroidManifest.xml:67:9-40
	android:name
		ADDED from src/main/AndroidManifest.xml:63:9-39
activity#com.gizwits.opensource.appkit.UserModule.GosUserLoginActivity
ADDED from src/main/AndroidManifest.xml:68:9-77:20
	android:label
		ADDED from src/main/AndroidManifest.xml:70:13-45
	android:theme
		ADDED from src/main/AndroidManifest.xml:71:13-44
	android:name
		ADDED from src/main/AndroidManifest.xml:69:13-60
intent-filter#android.intent.action.MAIN+android.intent.category.LAUNCHER
ADDED from src/main/AndroidManifest.xml:72:13-76:29
action#android.intent.action.MAIN
ADDED from src/main/AndroidManifest.xml:73:17-69
	android:name
		ADDED from src/main/AndroidManifest.xml:73:25-66
category#android.intent.category.LAUNCHER
ADDED from src/main/AndroidManifest.xml:75:17-77
	android:name
		ADDED from src/main/AndroidManifest.xml:75:27-74
activity#com.tencent.tauth.AuthActivity
ADDED from src/main/AndroidManifest.xml:79:9-91:20
	android:launchMode
		ADDED from src/main/AndroidManifest.xml:81:13-44
	android:noHistory
		ADDED from src/main/AndroidManifest.xml:82:13-37
	android:name
		ADDED from src/main/AndroidManifest.xml:80:13-58
intent-filter#android.intent.action.VIEW+android.intent.category.BROWSABLE+android.intent.category.DEFAULT
ADDED from src/main/AndroidManifest.xml:83:13-90:29
action#android.intent.action.VIEW
ADDED from src/main/AndroidManifest.xml:84:17-69
	android:name
		ADDED from src/main/AndroidManifest.xml:84:25-66
category#android.intent.category.DEFAULT
ADDED from src/main/AndroidManifest.xml:86:17-76
	android:name
		ADDED from src/main/AndroidManifest.xml:86:27-73
category#android.intent.category.BROWSABLE
ADDED from src/main/AndroidManifest.xml:87:17-78
	android:name
		ADDED from src/main/AndroidManifest.xml:87:27-75
data
ADDED from src/main/AndroidManifest.xml:89:17-52
	android:scheme
		ADDED from src/main/AndroidManifest.xml:89:23-49
activity#com.tencent.connect.common.AssistActivity
ADDED from src/main/AndroidManifest.xml:92:9-95:75
	android:configChanges
		ADDED from src/main/AndroidManifest.xml:94:13-74
	android:theme
		ADDED from src/main/AndroidManifest.xml:95:13-72
	android:name
		ADDED from src/main/AndroidManifest.xml:93:13-69
activity#com.gizwits.opensource.appkit.UserModule.GosRegisterUserActivity
ADDED from src/main/AndroidManifest.xml:97:9-98:20
	android:name
		ADDED from src/main/AndroidManifest.xml:97:19-69
activity#com.gizwits.opensource.appkit.UserModule.GosForgetPasswordActivity
ADDED from src/main/AndroidManifest.xml:99:9-100:20
	android:name
		ADDED from src/main/AndroidManifest.xml:99:19-71
activity#com.gizwits.opensource.appkit.ConfigModule.GosDeviceReadyActivity
ADDED from src/main/AndroidManifest.xml:101:9-102:20
	android:name
		ADDED from src/main/AndroidManifest.xml:101:19-70
activity#com.gizwits.opensource.appkit.ConfigModule.GosDeviceResetActivity
ADDED from src/main/AndroidManifest.xml:103:9-104:20
	android:name
		ADDED from src/main/AndroidManifest.xml:103:19-70
activity#com.gizwits.opensource.appkit.ConfigModule.GosChooseDeviceActivity
ADDED from src/main/AndroidManifest.xml:105:9-106:20
	android:name
		ADDED from src/main/AndroidManifest.xml:105:19-71
activity#com.gizwits.opensource.appkit.ConfigModule.GosConfigCountdownActivity
ADDED from src/main/AndroidManifest.xml:107:9-108:20
	android:name
		ADDED from src/main/AndroidManifest.xml:107:19-74
activity#com.gizwits.opensource.appkit.ConfigModule.GosConfigFailedActivity
ADDED from src/main/AndroidManifest.xml:109:9-110:20
	android:name
		ADDED from src/main/AndroidManifest.xml:109:19-71
activity#com.gizwits.opensource.appkit.DeviceModule.GosDeviceListActivity
ADDED from src/main/AndroidManifest.xml:111:9-112:20
	android:name
		ADDED from src/main/AndroidManifest.xml:111:19-69
activity#zxing.CaptureActivity
ADDED from src/main/AndroidManifest.xml:113:9-115:63
	android:theme
		ADDED from src/main/AndroidManifest.xml:115:13-60
	android:name
		ADDED from src/main/AndroidManifest.xml:114:13-49
activity#com.gizwits.opensource.appkit.SettingsModule.GosSettiingsActivity
ADDED from src/main/AndroidManifest.xml:116:9-117:20
	android:name
		ADDED from src/main/AndroidManifest.xml:116:19-70
activity#com.gizwits.opensource.appkit.SettingsModule.GosAboutActivity
ADDED from src/main/AndroidManifest.xml:118:9-119:20
	android:name
		ADDED from src/main/AndroidManifest.xml:118:19-66
activity#com.gizwits.opensource.appkit.ConfigModule.GosCheckDeviceWorkWiFiActivity
ADDED from src/main/AndroidManifest.xml:120:9-121:20
	android:name
		ADDED from src/main/AndroidManifest.xml:120:19-78
activity#com.gizwits.opensource.appkit.ControlModule.GosDeviceControlActivity
ADDED from src/main/AndroidManifest.xml:122:9-123:20
	android:name
		ADDED from src/main/AndroidManifest.xml:122:19-73
activity#com.gizwits.opensource.appkit.ConfigModule.GosModeListActivity
ADDED from src/main/AndroidManifest.xml:124:9-125:20
	android:name
		ADDED from src/main/AndroidManifest.xml:124:19-67
activity#com.gizwits.opensource.appkit.ConfigModule.GosAirlinkChooseDeviceWorkWiFiActivity
ADDED from src/main/AndroidManifest.xml:126:9-127:20
	android:name
		ADDED from src/main/AndroidManifest.xml:126:19-86
activity#com.gizwits.opensource.appkit.ConfigModule.GosAirlinkReadyActivity
ADDED from src/main/AndroidManifest.xml:128:9-129:20
	android:name
		ADDED from src/main/AndroidManifest.xml:128:19-71
activity#com.gizwits.opensource.appkit.ConfigModule.GosAirlinkConfigCountdownActivity
ADDED from src/main/AndroidManifest.xml:130:9-131:20
	android:name
		ADDED from src/main/AndroidManifest.xml:130:19-81
service#cn.jpush.android.service.PushService
ADDED from src/main/AndroidManifest.xml:137:9-147:19
	android:enabled
		ADDED from src/main/AndroidManifest.xml:139:13-35
	android:exported
		ADDED from src/main/AndroidManifest.xml:140:13-37
	android:name
		ADDED from src/main/AndroidManifest.xml:138:13-64
intent-filter#cn.jpush.android.intent.PUSH_TIME+cn.jpush.android.intent.PushService+cn.jpush.android.intent.REGISTER+cn.jpush.android.intent.REPORT
ADDED from src/main/AndroidManifest.xml:141:13-146:29
action#cn.jpush.android.intent.REGISTER
ADDED from src/main/AndroidManifest.xml:142:17-75
	android:name
		ADDED from src/main/AndroidManifest.xml:142:25-72
action#cn.jpush.android.intent.REPORT
ADDED from src/main/AndroidManifest.xml:143:17-73
	android:name
		ADDED from src/main/AndroidManifest.xml:143:25-70
action#cn.jpush.android.intent.PushService
ADDED from src/main/AndroidManifest.xml:144:17-78
	android:name
		ADDED from src/main/AndroidManifest.xml:144:25-75
action#cn.jpush.android.intent.PUSH_TIME
ADDED from src/main/AndroidManifest.xml:145:17-76
	android:name
		ADDED from src/main/AndroidManifest.xml:145:25-73
receiver#cn.jpush.android.service.PushReceiver
ADDED from src/main/AndroidManifest.xml:169:9-188:20
	android:enabled
		ADDED from src/main/AndroidManifest.xml:171:13-35
	android:name
		ADDED from src/main/AndroidManifest.xml:170:13-65
intent-filter#cn.jpush.android.intent.NOTIFICATION_RECEIVED_PROXY+com.gizwits.opensource.appkit
ADDED from src/main/AndroidManifest.xml:172:13-176:29
	android:priority
		ADDED from src/main/AndroidManifest.xml:172:28-51
action#cn.jpush.android.intent.NOTIFICATION_RECEIVED_PROXY
ADDED from src/main/AndroidManifest.xml:173:17-94
	android:name
		ADDED from src/main/AndroidManifest.xml:173:25-91
category#com.gizwits.opensource.appkit
ADDED from src/main/AndroidManifest.xml:175:17-74
	android:name
		ADDED from src/main/AndroidManifest.xml:175:27-71
intent-filter#android.intent.action.USER_PRESENT+android.net.conn.CONNECTIVITY_CHANGE
ADDED from src/main/AndroidManifest.xml:177:13-180:29
action#android.intent.action.USER_PRESENT
ADDED from src/main/AndroidManifest.xml:178:17-77
	android:name
		ADDED from src/main/AndroidManifest.xml:178:25-74
action#android.net.conn.CONNECTIVITY_CHANGE
ADDED from src/main/AndroidManifest.xml:179:17-79
	android:name
		ADDED from src/main/AndroidManifest.xml:179:25-76
intent-filter#android.intent.action.PACKAGE_ADDED+android.intent.action.PACKAGE_REMOVED
ADDED from src/main/AndroidManifest.xml:182:13-187:29
action#android.intent.action.PACKAGE_ADDED
ADDED from src/main/AndroidManifest.xml:183:17-78
	android:name
		ADDED from src/main/AndroidManifest.xml:183:25-75
action#android.intent.action.PACKAGE_REMOVED
ADDED from src/main/AndroidManifest.xml:184:17-80
	android:name
		ADDED from src/main/AndroidManifest.xml:184:25-77
activity#cn.jpush.android.ui.PushActivity
ADDED from src/main/AndroidManifest.xml:190:9-200:20
	android:exported
		ADDED from src/main/AndroidManifest.xml:193:13-37
	android:configChanges
		ADDED from src/main/AndroidManifest.xml:192:13-63
	android:name
		ADDED from src/main/AndroidManifest.xml:191:13-60
intent-filter#android.intent.category.DEFAULT+cn.jpush.android.ui.PushActivity+com.gizwits.opensource.appkit
ADDED from src/main/AndroidManifest.xml:194:13-199:29
action#cn.jpush.android.ui.PushActivity
ADDED from src/main/AndroidManifest.xml:195:17-75
	android:name
		ADDED from src/main/AndroidManifest.xml:195:25-72
service#cn.jpush.android.service.DownloadService
ADDED from src/main/AndroidManifest.xml:202:9-206:19
	android:enabled
		ADDED from src/main/AndroidManifest.xml:204:13-35
	android:exported
		ADDED from src/main/AndroidManifest.xml:205:13-37
	android:name
		ADDED from src/main/AndroidManifest.xml:203:13-68
receiver#cn.jpush.android.service.AlarmReceiver
ADDED from src/main/AndroidManifest.xml:208:9-75
	android:name
		ADDED from src/main/AndroidManifest.xml:208:19-72
receiver#com.gizwits.opensource.appkit.PushModule.JPushReceiver
ADDED from src/main/AndroidManifest.xml:211:9-231:20
	android:enabled
		ADDED from src/main/AndroidManifest.xml:213:13-35
	android:name
		ADDED from src/main/AndroidManifest.xml:212:13-53
intent-filter#cn.jpush.android.intent.ACTION_RICHPUSH_CALLBACK+cn.jpush.android.intent.CONNECTION+cn.jpush.android.intent.MESSAGE_RECEIVED+cn.jpush.android.intent.NOTIFICATION_OPENED+cn.jpush.android.intent.NOTIFICATION_RECEIVED+cn.jpush.android.intent.REGISTRATION+com.gizwits.opensource.appkit
ADDED from src/main/AndroidManifest.xml:214:13-230:29
action#cn.jpush.android.intent.REGISTRATION
ADDED from src/main/AndroidManifest.xml:217:17-79
	android:name
		ADDED from src/main/AndroidManifest.xml:217:25-76
action#cn.jpush.android.intent.MESSAGE_RECEIVED
ADDED from src/main/AndroidManifest.xml:219:17-83
	android:name
		ADDED from src/main/AndroidManifest.xml:219:25-80
action#cn.jpush.android.intent.NOTIFICATION_RECEIVED
ADDED from src/main/AndroidManifest.xml:221:17-88
	android:name
		ADDED from src/main/AndroidManifest.xml:221:25-85
action#cn.jpush.android.intent.NOTIFICATION_OPENED
ADDED from src/main/AndroidManifest.xml:223:17-86
	android:name
		ADDED from src/main/AndroidManifest.xml:223:25-83
action#cn.jpush.android.intent.ACTION_RICHPUSH_CALLBACK
ADDED from src/main/AndroidManifest.xml:225:17-91
	android:name
		ADDED from src/main/AndroidManifest.xml:225:25-88
action#cn.jpush.android.intent.CONNECTION
ADDED from src/main/AndroidManifest.xml:227:17-77
	android:name
		ADDED from src/main/AndroidManifest.xml:227:25-74
meta-data#JPUSH_CHANNEL
ADDED from src/main/AndroidManifest.xml:239:9-241:49
	android:value
		ADDED from src/main/AndroidManifest.xml:241:13-46
	android:name
		ADDED from src/main/AndroidManifest.xml:240:13-41
meta-data#JPUSH_APPKEY
ADDED from src/main/AndroidManifest.xml:243:9-245:37
	android:value
		ADDED from src/main/AndroidManifest.xml:245:13-34
	android:name
		ADDED from src/main/AndroidManifest.xml:244:13-40
receiver#com.baidu.android.pushservice.PushServiceReceiver
ADDED from src/main/AndroidManifest.xml:250:9-264:20
	android:process
		ADDED from src/main/AndroidManifest.xml:252:13-44
	android:name
		ADDED from src/main/AndroidManifest.xml:251:13-77
intent-filter#android.intent.action.ACTION_POWER_CONNECTED+android.intent.action.ACTION_POWER_DISCONNECTED+android.intent.action.BOOT_COMPLETED+android.intent.action.MEDIA_MOUNTED+android.intent.action.USER_PRESENT+android.net.conn.CONNECTIVITY_CHANGE+com.baidu.android.pushservice.action.media.CLICK+com.baidu.android.pushservice.action.notification.SHOW
ADDED from src/main/AndroidManifest.xml:253:13-263:29
action#android.intent.action.BOOT_COMPLETED
ADDED from src/main/AndroidManifest.xml:254:17-79
	android:name
		ADDED from src/main/AndroidManifest.xml:254:25-76
action#com.baidu.android.pushservice.action.notification.SHOW
ADDED from src/main/AndroidManifest.xml:256:17-97
	android:name
		ADDED from src/main/AndroidManifest.xml:256:25-94
action#com.baidu.android.pushservice.action.media.CLICK
ADDED from src/main/AndroidManifest.xml:257:17-91
	android:name
		ADDED from src/main/AndroidManifest.xml:257:25-88
action#android.intent.action.MEDIA_MOUNTED
ADDED from src/main/AndroidManifest.xml:259:17-78
	android:name
		ADDED from src/main/AndroidManifest.xml:259:25-75
action#android.intent.action.ACTION_POWER_CONNECTED
ADDED from src/main/AndroidManifest.xml:261:17-87
	android:name
		ADDED from src/main/AndroidManifest.xml:261:25-84
action#android.intent.action.ACTION_POWER_DISCONNECTED
ADDED from src/main/AndroidManifest.xml:262:17-90
	android:name
		ADDED from src/main/AndroidManifest.xml:262:25-87
receiver#com.baidu.android.pushservice.RegistrationReceiver
ADDED from src/main/AndroidManifest.xml:266:9-278:20
	android:process
		ADDED from src/main/AndroidManifest.xml:268:13-44
	android:name
		ADDED from src/main/AndroidManifest.xml:267:13-78
intent-filter#com.baidu.android.pushservice.action.BIND_SYNC+com.baidu.android.pushservice.action.METHOD
ADDED from src/main/AndroidManifest.xml:269:13-272:29
action#com.baidu.android.pushservice.action.METHOD
ADDED from src/main/AndroidManifest.xml:270:17-86
	android:name
		ADDED from src/main/AndroidManifest.xml:270:25-83
action#com.baidu.android.pushservice.action.BIND_SYNC
ADDED from src/main/AndroidManifest.xml:271:17-89
	android:name
		ADDED from src/main/AndroidManifest.xml:271:25-86
intent-filter#android.intent.action.PACKAGE_REMOVED
ADDED from src/main/AndroidManifest.xml:273:13-277:29
service#com.baidu.android.pushservice.PushService
ADDED from src/main/AndroidManifest.xml:280:9-287:19
	android:process
		ADDED from src/main/AndroidManifest.xml:283:13-44
	android:exported
		ADDED from src/main/AndroidManifest.xml:282:13-36
	android:name
		ADDED from src/main/AndroidManifest.xml:281:13-69
intent-filter#com.baidu.android.pushservice.action.PUSH_SERVICE
ADDED from src/main/AndroidManifest.xml:284:13-286:29
action#com.baidu.android.pushservice.action.PUSH_SERVICE
ADDED from src/main/AndroidManifest.xml:285:17-92
	android:name
		ADDED from src/main/AndroidManifest.xml:285:25-89
service#com.baidu.android.pushservice.CommandService
ADDED from src/main/AndroidManifest.xml:289:9-291:39
	android:exported
		ADDED from src/main/AndroidManifest.xml:291:13-36
	android:name
		ADDED from src/main/AndroidManifest.xml:290:13-72
receiver#com.gizwits.opensource.appkit.PushModule.BaiDuPushReceiver
ADDED from src/main/AndroidManifest.xml:296:9-306:20
	android:name
		ADDED from src/main/AndroidManifest.xml:296:19-63
intent-filter#com.baidu.android.pushservice.action.MESSAGE+com.baidu.android.pushservice.action.RECEIVE+com.baidu.android.pushservice.action.notification.CLICK
ADDED from src/main/AndroidManifest.xml:297:13-305:29
action#com.baidu.android.pushservice.action.MESSAGE
ADDED from src/main/AndroidManifest.xml:300:17-87
	android:name
		ADDED from src/main/AndroidManifest.xml:300:25-84
action#com.baidu.android.pushservice.action.RECEIVE
ADDED from src/main/AndroidManifest.xml:302:17-87
	android:name
		ADDED from src/main/AndroidManifest.xml:302:25-84
action#com.baidu.android.pushservice.action.notification.CLICK
ADDED from src/main/AndroidManifest.xml:304:17-98
	android:name
		ADDED from src/main/AndroidManifest.xml:304:25-95
activity#com.gizwits.opensource.appkit.wxapi.WXEntryActivity
ADDED from src/main/AndroidManifest.xml:309:9-312:62
	android:exported
		ADDED from src/main/AndroidManifest.xml:311:13-36
	android:theme
		ADDED from src/main/AndroidManifest.xml:312:13-59
	android:name
		ADDED from src/main/AndroidManifest.xml:310:13-79